
> Task :compileJava
Note: Some input files use unchecked or unsafe operations.
Note: Recompile with -Xlint:unchecked for details.

> Task :processResources UP-TO-DATE
> Task :classes
> Task :resolveMainClassName UP-TO-DATE

> Task :bootRun

  .   ____          _            __ _ _
 /\\ / ___'_ __ _ _(_)_ __  __ _ \ \ \ \
( ( )\___ | '_ | '_| | '_ \/ _` | \ \ \ \
 \\/  ___)| |_)| | | | | || (_| |  ) ) ) )
  '  |____| .__|_| |_|_| |_\__, | / / / /
 =========|_|==============|___/=/_/_/_/

[32m :: Spring Boot :: [39m              [2m (v3.3.4)[0;39m

[2m2026-04-06T22:53:12.149+09:00[0;39m [32m INFO[0;39m [35m39779[0;39m [2m---[0;39m [2m[           main][0;39m [2m[0;39m[36mcom.example.demo.DemoApplication        [0;39m [2m:[0;39m Starting DemoApplication using Java 17.0.6 with PID 39779 (/Users/juhee/IdeaProjects/TripGather/backend/build/classes/java/main started by juhee in /Users/juhee/IdeaProjects/TripGather/backend)
[2m2026-04-06T22:53:12.151+09:00[0;39m [32m INFO[0;39m [35m39779[0;39m [2m---[0;39m [2m[           main][0;39m [2m[0;39m[36mcom.example.demo.DemoApplication        [0;39m [2m:[0;39m The following 1 profile is active: "local"
[2m2026-04-06T22:53:12.774+09:00[0;39m [32m INFO[0;39m [35m39779[0;39m [2m---[0;39m [2m[           main][0;39m [2m[0;39m[36m.s.d.r.c.RepositoryConfigurationDelegate[0;39m [2m:[0;39m Bootstrapping Spring Data JPA repositories in DEFAULT mode.
[2m2026-04-06T22:53:12.830+09:00[0;39m [32m INFO[0;39m [35m39779[0;39m [2m---[0;39m [2m[           main][0;39m [2m[0;39m[36m.s.d.r.c.RepositoryConfigurationDelegate[0;39m [2m:[0;39m Finished Spring Data repository scanning in 49 ms. Found 10 JPA repository interfaces.
[2m2026-04-06T22:53:13.279+09:00[0;39m [32m INFO[0;39m [35m39779[0;39m [2m---[0;39m [2m[           main][0;39m [2m[0;39m[36mo.s.b.w.embedded.tomcat.TomcatWebServer [0;39m [2m:[0;39m Tomcat initialized with port 8080 (http)
[2m2026-04-06T22:53:13.287+09:00[0;39m [32m INFO[0;39m [35m39779[0;39m [2m---[0;39m [2m[           main][0;39m [2m[0;39m[36mo.apache.catalina.core.StandardService  [0;39m [2m:[0;39m Starting service [Tomcat]
[2m2026-04-06T22:53:13.287+09:00[0;39m [32m INFO[0;39m [35m39779[0;39m [2m---[0;39m [2m[           main][0;39m [2m[0;39m[36mo.apache.catalina.core.StandardEngine   [0;39m [2m:[0;39m Starting Servlet engine: [Apache Tomcat/10.1.30]
[2m2026-04-06T22:53:13.324+09:00[0;39m [32m INFO[0;39m [35m39779[0;39m [2m---[0;39m [2m[           main][0;39m [2m[0;39m[36mo.a.c.c.C.[Tomcat].[localhost].[/]      [0;39m [2m:[0;39m Initializing Spring embedded WebApplicationContext
[2m2026-04-06T22:53:13.324+09:00[0;39m [32m INFO[0;39m [35m39779[0;39m [2m---[0;39m [2m[           main][0;39m [2m[0;39m[36mw.s.c.ServletWebServerApplicationContext[0;39m [2m:[0;39m Root WebApplicationContext: initialization completed in 1153 ms
[2m2026-04-06T22:53:13.364+09:00[0;39m [32m INFO[0;39m [35m39779[0;39m [2m---[0;39m [2m[           main][0;39m [2m[0;39m[36mcom.zaxxer.hikari.HikariDataSource      [0;39m [2m:[0;39m HikariPool-1 - Starting...
[2m2026-04-06T22:53:13.462+09:00[0;39m [32m INFO[0;39m [35m39779[0;39m [2m---[0;39m [2m[           main][0;39m [2m[0;39m[36mcom.zaxxer.hikari.pool.HikariPool       [0;39m [2m:[0;39m HikariPool-1 - Added connection conn0: url=jdbc:h2:mem:tripgather user=SA
[2m2026-04-06T22:53:13.463+09:00[0;39m [32m INFO[0;39m [35m39779[0;39m [2m---[0;39m [2m[           main][0;39m [2m[0;39m[36mcom.zaxxer.hikari.HikariDataSource      [0;39m [2m:[0;39m HikariPool-1 - Start completed.
[2m2026-04-06T22:53:13.486+09:00[0;39m [32m INFO[0;39m [35m39779[0;39m [2m---[0;39m [2m[           main][0;39m [2m[0;39m[36mo.s.b.a.h2.H2ConsoleAutoConfiguration   [0;39m [2m:[0;39m H2 console available at '/h2-console'. Database available at 'jdbc:h2:mem:tripgather'
[2m2026-04-06T22:53:13.625+09:00[0;39m [32m INFO[0;39m [35m39779[0;39m [2m---[0;39m [2m[           main][0;39m [2m[0;39m[36morg.flywaydb.core.FlywayExecutor        [0;39m [2m:[0;39m Database: jdbc:h2:mem:tripgather (H2 2.2)
[2m2026-04-06T22:53:13.629+09:00[0;39m [33m WARN[0;39m [35m39779[0;39m [2m---[0;39m [2m[           main][0;39m [2m[0;39m[36mo.f.c.internal.database.base.Database   [0;39m [2m:[0;39m Flyway upgrade recommended: H2 2.2.224 is newer than this version of Flyway and support has not been tested. The latest supported version of H2 is 2.2.220.
[2m2026-04-06T22:53:13.637+09:00[0;39m [32m INFO[0;39m [35m39779[0;39m [2m---[0;39m [2m[           main][0;39m [2m[0;39m[36mo.f.c.i.s.JdbcTableSchemaHistory        [0;39m [2m:[0;39m Schema history table "PUBLIC"."flyway_schema_history" does not exist yet
[2m2026-04-06T22:53:13.638+09:00[0;39m [32m INFO[0;39m [35m39779[0;39m [2m---[0;39m [2m[           main][0;39m [2m[0;39m[36mo.f.core.internal.command.DbValidate    [0;39m [2m:[0;39m Successfully validated 2 migrations (execution time 00:00.005s)
[2m2026-04-06T22:53:13.640+09:00[0;39m [32m INFO[0;39m [35m39779[0;39m [2m---[0;39m [2m[           main][0;39m [2m[0;39m[36mo.f.c.i.s.JdbcTableSchemaHistory        [0;39m [2m:[0;39m Creating Schema History table "PUBLIC"."flyway_schema_history" ...
[2m2026-04-06T22:53:13.655+09:00[0;39m [32m INFO[0;39m [35m39779[0;39m [2m---[0;39m [2m[           main][0;39m [2m[0;39m[36mo.f.core.internal.command.DbMigrate     [0;39m [2m:[0;39m Current version of schema "PUBLIC": << Empty Schema >>
[2m2026-04-06T22:53:13.661+09:00[0;39m [32m INFO[0;39m [35m39779[0;39m [2m---[0;39m [2m[           main][0;39m [2m[0;39m[36mo.f.core.internal.command.DbMigrate     [0;39m [2m:[0;39m Migrating schema "PUBLIC" to version "1 - init"
[2m2026-04-06T22:53:13.675+09:00[0;39m [32m INFO[0;39m [35m39779[0;39m [2m---[0;39m [2m[           main][0;39m [2m[0;39m[36mo.f.core.internal.command.DbMigrate     [0;39m [2m:[0;39m Migrating schema "PUBLIC" to version "2 - add email verification"
[2m2026-04-06T22:53:13.685+09:00[0;39m [32m INFO[0;39m [35m39779[0;39m [2m---[0;39m [2m[           main][0;39m [2m[0;39m[36mo.f.core.internal.command.DbMigrate     [0;39m [2m:[0;39m Successfully applied 2 migrations to schema "PUBLIC", now at version v2 (execution time 00:00.014s)
[2m2026-04-06T22:53:13.752+09:00[0;39m [32m INFO[0;39m [35m39779[0;39m [2m---[0;39m [2m[           main][0;39m [2m[0;39m[36mo.hibernate.jpa.internal.util.LogHelper [0;39m [2m:[0;39m HHH000204: Processing PersistenceUnitInfo [name: default]
[2m2026-04-06T22:53:13.785+09:00[0;39m [32m INFO[0;39m [35m39779[0;39m [2m---[0;39m [2m[           main][0;39m [2m[0;39m[36morg.hibernate.Version                   [0;39m [2m:[0;39m HHH000412: Hibernate ORM core version 6.5.3.Final
[2m2026-04-06T22:53:13.807+09:00[0;39m [32m INFO[0;39m [35m39779[0;39m [2m---[0;39m [2m[           main][0;39m [2m[0;39m[36mo.h.c.internal.RegionFactoryInitiator   [0;39m [2m:[0;39m HHH000026: Second-level cache disabled
[2m2026-04-06T22:53:14.012+09:00[0;39m [32m INFO[0;39m [35m39779[0;39m [2m---[0;39m [2m[           main][0;39m [2m[0;39m[36mo.s.o.j.p.SpringPersistenceUnitInfo     [0;39m [2m:[0;39m No LoadTimeWeaver setup: ignoring JPA class transformer
[2m2026-04-06T22:53:14.034+09:00[0;39m [33m WARN[0;39m [35m39779[0;39m [2m---[0;39m [2m[           main][0;39m [2m[0;39m[36morg.hibernate.orm.deprecation           [0;39m [2m:[0;39m HHH90000025: H2Dialect does not need to be specified explicitly using 'hibernate.dialect' (remove the property setting and it will be selected by default)
[2m2026-04-06T22:53:17.164+09:00[0;39m [32m INFO[0;39m [35m39779[0;39m [2m---[0;39m [2m[           main][0;39m [2m[0;39m[36mo.h.e.t.j.p.i.JtaPlatformInitiator      [0;39m [2m:[0;39m HHH000489: No JTA platform available (set 'hibernate.transaction.jta.platform' to enable JTA platform integration)
Hibernate: 
    alter table if exists chat_message 
       alter column content set data type varchar(255)
Hibernate: 
    alter table if exists comment 
       alter column content set data type TEXT
Hibernate: 
    alter table if exists direct_message 
       alter column content set data type TEXT
Hibernate: 
    alter table if exists gathering 
       alter column bg_image_url set data type TEXT
Hibernate: 
    alter table if exists gathering 
       alter column category set data type varchar(255)
Hibernate: 
    create table gathering_post (
        id bigint generated by default as identity,
        content TEXT,
        created_at timestamp(6),
        image_url varchar(255),
        user_id bigint not null,
        gathering_id bigint not null,
        primary key (id)
    )
Hibernate: 
    alter table if exists itinerary 
       add column bg_image_url TEXT
Hibernate: 
    alter table if exists itinerary 
       add column dates varchar(255)
Hibernate: 
    alter table if exists itinerary 
       alter column description set data type varchar(255)
Hibernate: 
    alter table if exists itinerary 
       add column location varchar(255)
Hibernate: 
    alter table if exists itinerary 
       add column stamp_image_url TEXT
Hibernate: 
    alter table if exists route_point 
       alter column day_label set data type varchar(255)
Hibernate: 
    alter table if exists user_mission 
       add column stamp_image_url varchar(255)
Hibernate: 
    alter table if exists user_mission 
       alter column status set data type varchar(255)
Hibernate: 
    alter table if exists user_mission_step 
       alter column memo set data type varchar(255)
Hibernate: 
    alter table if exists users 
       alter column bio set data type TEXT
Hibernate: 
    alter table if exists users 
       alter column provider set data type varchar(255)
Hibernate: 
    alter table if exists users 
       alter column role set data type varchar(255)
Hibernate: 
    alter table if exists gathering_post 
       add constraint FKbvk5yy6s18dq9bu6a1awv1b96 
       foreign key (user_id) 
       references users
Hibernate: 
    alter table if exists gathering_post 
       add constraint FK4djwcoicu9fhdfa3ils6jhg6c 
       foreign key (gathering_id) 
       references gathering
[2m2026-04-06T22:53:17.208+09:00[0;39m [32m INFO[0;39m [35m39779[0;39m [2m---[0;39m [2m[           main][0;39m [2m[0;39m[36mj.LocalContainerEntityManagerFactoryBean[0;39m [2m:[0;39m Initialized JPA EntityManagerFactory for persistence unit 'default'
[2m2026-04-06T22:53:17.548+09:00[0;39m [32m INFO[0;39m [35m39779[0;39m [2m---[0;39m [2m[           main][0;39m [2m[0;39m[36mo.s.d.j.r.query.QueryEnhancerFactory    [0;39m [2m:[0;39m Hibernate is in classpath; If applicable, HQL parser will be used.
MinIO 버킷 정책(Public Read) 설정 완료: tripgather
[2m2026-04-06T22:53:18.439+09:00[0;39m [33m WARN[0;39m [35m39779[0;39m [2m---[0;39m [2m[           main][0;39m [2m[0;39m[36mJpaBaseConfiguration$JpaWebConfiguration[0;39m [2m:[0;39m spring.jpa.open-in-view is enabled by default. Therefore, database queries may be performed during view rendering. Explicitly configure spring.jpa.open-in-view to disable this warning
[2m2026-04-06T22:53:18.842+09:00[0;39m [32m INFO[0;39m [35m39779[0;39m [2m---[0;39m [2m[           main][0;39m [2m[0;39m[36mo.s.b.w.embedded.tomcat.TomcatWebServer [0;39m [2m:[0;39m Tomcat started on port 8080 (http) with context path '/'
[2m2026-04-06T22:53:18.843+09:00[0;39m [32m INFO[0;39m [35m39779[0;39m [2m---[0;39m [2m[           main][0;39m [2m[0;39m[36mo.s.m.s.b.SimpleBrokerMessageHandler    [0;39m [2m:[0;39m Starting...
[2m2026-04-06T22:53:18.843+09:00[0;39m [32m INFO[0;39m [35m39779[0;39m [2m---[0;39m [2m[           main][0;39m [2m[0;39m[36mo.s.m.s.b.SimpleBrokerMessageHandler    [0;39m [2m:[0;39m BrokerAvailabilityEvent[available=true, SimpleBrokerMessageHandler [org.springframework.messaging.simp.broker.DefaultSubscriptionRegistry@4cfc4eb2]]
[2m2026-04-06T22:53:18.843+09:00[0;39m [32m INFO[0;39m [35m39779[0;39m [2m---[0;39m [2m[           main][0;39m [2m[0;39m[36mo.s.m.s.b.SimpleBrokerMessageHandler    [0;39m [2m:[0;39m Started.
[2m2026-04-06T22:53:18.849+09:00[0;39m [32m INFO[0;39m [35m39779[0;39m [2m---[0;39m [2m[           main][0;39m [2m[0;39m[36mcom.example.demo.DemoApplication        [0;39m [2m:[0;39m Started DemoApplication in 6.949 seconds (process running for 7.169)
Hibernate: 
    select
        count(*) 
    from
        users u1_0
Hibernate: 
    insert 
    into
        users
        (bio, created_at, email, email_verified, name, password, points, profile_image_url, provider, provider_id, role, updated_at, verification_token, id) 
    values
        (?, ?, ?, ?, ?, ?, ?, ?, ?, ?, ?, ?, ?, default)
Hibernate: 
    insert 
    into
        users
        (bio, created_at, email, email_verified, name, password, points, profile_image_url, provider, provider_id, role, updated_at, verification_token, id) 
    values
        (?, ?, ?, ?, ?, ?, ?, ?, ?, ?, ?, ?, ?, default)
Hibernate: 
    select
        u1_0.id,
        u1_0.bio,
        u1_0.created_at,
        u1_0.email,
        u1_0.email_verified,
        u1_0.name,
        u1_0.password,
        u1_0.points,
        u1_0.profile_image_url,
        u1_0.provider,
        u1_0.provider_id,
        u1_0.role,
        u1_0.updated_at,
        u1_0.verification_token 
    from
        users u1_0 
    where
        u1_0.email=?
Hibernate: 
    select
        u1_0.id,
        u1_0.bio,
        u1_0.created_at,
        u1_0.email,
        u1_0.email_verified,
        u1_0.name,
        u1_0.password,
        u1_0.points,
        u1_0.profile_image_url,
        u1_0.provider,
        u1_0.provider_id,
        u1_0.role,
        u1_0.updated_at,
        u1_0.verification_token 
    from
        users u1_0 
    where
        u1_0.email=?
Hibernate: 
    select
        count(*) 
    from
        gathering g1_0
Hibernate: 
    insert 
    into
        gathering
        (bg_image_url, category, created_at, current_joining, dates, host_id, lat, lng, location, max_joining, title, id) 
    values
        (?, ?, ?, ?, ?, ?, ?, ?, ?, ?, ?, default)
Hibernate: 
    insert 
    into
        gathering
        (bg_image_url, category, created_at, current_joining, dates, host_id, lat, lng, location, max_joining, title, id) 
    values
        (?, ?, ?, ?, ?, ?, ?, ?, ?, ?, ?, default)
Hibernate: 
    insert 
    into
        gathering
        (bg_image_url, category, created_at, current_joining, dates, host_id, lat, lng, location, max_joining, title, id) 
    values
        (?, ?, ?, ?, ?, ?, ?, ?, ?, ?, ?, default)
Hibernate: 
    insert 
    into
        gathering_member
        (gathering_id, requested_at, status, user_id, id) 
    values
        (?, ?, ?, ?, default)
Hibernate: 
    insert 
    into
        gathering_member
        (gathering_id, requested_at, status, user_id, id) 
    values
        (?, ?, ?, ?, default)
Hibernate: 
    insert 
    into
        gathering_member
        (gathering_id, requested_at, status, user_id, id) 
    values
        (?, ?, ?, ?, default)
Hibernate: 
    insert 
    into
        gathering_member
        (gathering_id, requested_at, status, user_id, id) 
    values
        (?, ?, ?, ?, default)
Hibernate: 
    insert 
    into
        gathering_member
        (gathering_id, requested_at, status, user_id, id) 
    values
        (?, ?, ?, ?, default)
Hibernate: 
    insert 
    into
        gathering_member
        (gathering_id, requested_at, status, user_id, id) 
    values
        (?, ?, ?, ?, default)
Hibernate: 
    insert 
    into
        chat_message
        (content, gathering_id, sender_id, sent_at, id) 
    values
        (?, ?, ?, ?, default)
Hibernate: 
    insert 
    into
        chat_message
        (content, gathering_id, sender_id, sent_at, id) 
    values
        (?, ?, ?, ?, default)
Hibernate: 
    insert 
    into
        chat_message
        (content, gathering_id, sender_id, sent_at, id) 
    values
        (?, ?, ?, ?, default)
Hibernate: 
    select
        count(*) 
    from
        itinerary i1_0
Hibernate: 
    insert 
    into
        itinerary
        (author, bg_image_url, created_at, dates, description, location, stamp_image_url, title, id) 
    values
        (?, ?, ?, ?, ?, ?, ?, ?, default)
Hibernate: 
    insert 
    into
        route_point
        (day_label, day_number, itinerary_id, label, lat, lng, sequence_order, id) 
    values
        (?, ?, ?, ?, ?, ?, ?, default)
Hibernate: 
    insert 
    into
        route_point
        (day_label, day_number, itinerary_id, label, lat, lng, sequence_order, id) 
    values
        (?, ?, ?, ?, ?, ?, ?, default)
Hibernate: 
    insert 
    into
        route_point
        (day_label, day_number, itinerary_id, label, lat, lng, sequence_order, id) 
    values
        (?, ?, ?, ?, ?, ?, ?, default)
Hibernate: 
    insert 
    into
        route_point
        (day_label, day_number, itinerary_id, label, lat, lng, sequence_order, id) 
    values
        (?, ?, ?, ?, ?, ?, ?, default)
Hibernate: 
    insert 
    into
        route_point
        (day_label, day_number, itinerary_id, label, lat, lng, sequence_order, id) 
    values
        (?, ?, ?, ?, ?, ?, ?, default)
Hibernate: 
    insert 
    into
        route_point
        (day_label, day_number, itinerary_id, label, lat, lng, sequence_order, id) 
    values
        (?, ?, ?, ?, ?, ?, ?, default)
Hibernate: 
    insert 
    into
        route_point
        (day_label, day_number, itinerary_id, label, lat, lng, sequence_order, id) 
    values
        (?, ?, ?, ?, ?, ?, ?, default)
Hibernate: 
    insert 
    into
        itinerary
        (author, bg_image_url, created_at, dates, description, location, stamp_image_url, title, id) 
    values
        (?, ?, ?, ?, ?, ?, ?, ?, default)
Hibernate: 
    insert 
    into
        route_point
        (day_label, day_number, itinerary_id, label, lat, lng, sequence_order, id) 
    values
        (?, ?, ?, ?, ?, ?, ?, default)
Hibernate: 
    insert 
    into
        route_point
        (day_label, day_number, itinerary_id, label, lat, lng, sequence_order, id) 
    values
        (?, ?, ?, ?, ?, ?, ?, default)
Hibernate: 
    insert 
    into
        route_point
        (day_label, day_number, itinerary_id, label, lat, lng, sequence_order, id) 
    values
        (?, ?, ?, ?, ?, ?, ?, default)
Hibernate: 
    insert 
    into
        route_point
        (day_label, day_number, itinerary_id, label, lat, lng, sequence_order, id) 
    values
        (?, ?, ?, ?, ?, ?, ?, default)
Hibernate: 
    insert 
    into
        route_point
        (day_label, day_number, itinerary_id, label, lat, lng, sequence_order, id) 
    values
        (?, ?, ?, ?, ?, ?, ?, default)
Hibernate: 
    insert 
    into
        route_point
        (day_label, day_number, itinerary_id, label, lat, lng, sequence_order, id) 
    values
        (?, ?, ?, ?, ?, ?, ?, default)
Hibernate: 
    insert 
    into
        user_mission
        (completed_at, itinerary_id, stamp_image_url, started_at, status, user_id, id) 
    values
        (?, ?, ?, ?, ?, ?, default)
Hibernate: 
    insert 
    into
        user_mission_step
        (completed_at, is_completed, memo, photo_url, route_point_id, user_mission_id, id) 
    values
        (?, ?, ?, ?, ?, ?, default)
Hibernate: 
    insert 
    into
        user_mission_step
        (completed_at, is_completed, memo, photo_url, route_point_id, user_mission_id, id) 
    values
        (?, ?, ?, ?, ?, ?, default)
Hibernate: 
    insert 
    into
        user_mission_step
        (completed_at, is_completed, memo, photo_url, route_point_id, user_mission_id, id) 
    values
        (?, ?, ?, ?, ?, ?, default)
[2m2026-04-06T22:54:18.855+09:00[0;39m [32m INFO[0;39m [35m39779[0;39m [2m---[0;39m [2m[MessageBroker-1][0;39m [2m[0;39m[36mo.s.w.s.c.WebSocketMessageBrokerStats   [0;39m [2m:[0;39m WebSocketSession[0 current WS(0)-HttpStream(0)-HttpPoll(0), 0 total, 0 closed abnormally (0 connect failure, 0 send limit, 0 transport error)], stompSubProtocol[processed CONNECT(0)-CONNECTED(0)-DISCONNECT(0)], stompBrokerRelay[null], inboundChannel[pool size = 0, active threads = 0, queued tasks = 0, completed tasks = 0], outboundChannel[pool size = 0, active threads = 0, queued tasks = 0, completed tasks = 0], sockJsScheduler[pool size = 1, active threads = 1, queued tasks = 0, completed tasks = 0]
[2m2026-04-06T22:56:00.395+09:00[0;39m [32m INFO[0;39m [35m39779[0;39m [2m---[0;39m [2m[nio-8080-exec-2][0;39m [2m[0;39m[36mo.a.c.c.C.[Tomcat].[localhost].[/]      [0;39m [2m:[0;39m Initializing Spring DispatcherServlet 'dispatcherServlet'
[2m2026-04-06T22:56:00.395+09:00[0;39m [32m INFO[0;39m [35m39779[0;39m [2m---[0;39m [2m[nio-8080-exec-2][0;39m [2m[0;39m[36mo.s.web.servlet.DispatcherServlet       [0;39m [2m:[0;39m Initializing Servlet 'dispatcherServlet'
[2m2026-04-06T22:56:00.427+09:00[0;39m [32m INFO[0;39m [35m39779[0;39m [2m---[0;39m [2m[nio-8080-exec-2][0;39m [2m[0;39m[36mo.s.web.servlet.DispatcherServlet       [0;39m [2m:[0;39m Completed initialization in 32 ms
Hibernate: 
    select
        u1_0.id,
        u1_0.bio,
        u1_0.created_at,
        u1_0.email,
        u1_0.email_verified,
        u1_0.name,
        u1_0.password,
        u1_0.points,
        u1_0.profile_image_url,
        u1_0.provider,
        u1_0.provider_id,
        u1_0.role,
        u1_0.updated_at,
        u1_0.verification_token 
    from
        users u1_0 
    where
        u1_0.email=?
Hibernate: 
    select
        u1_0.id,
        u1_0.bio,
        u1_0.created_at,
        u1_0.email,
        u1_0.email_verified,
        u1_0.name,
        u1_0.password,
        u1_0.points,
        u1_0.profile_image_url,
        u1_0.provider,
        u1_0.provider_id,
        u1_0.role,
        u1_0.updated_at,
        u1_0.verification_token 
    from
        users u1_0 
    where
        u1_0.email=?
Hibernate: 
    select
        u1_0.id,
        u1_0.bio,
        u1_0.created_at,
        u1_0.email,
        u1_0.email_verified,
        u1_0.name,
        u1_0.password,
        u1_0.points,
        u1_0.profile_image_url,
        u1_0.provider,
        u1_0.provider_id,
        u1_0.role,
        u1_0.updated_at,
        u1_0.verification_token 
    from
        users u1_0 
    where
        u1_0.email=?
Hibernate: 
    select
        u1_0.id,
        u1_0.bio,
        u1_0.created_at,
        u1_0.email,
        u1_0.email_verified,
        u1_0.name,
        u1_0.password,
        u1_0.points,
        u1_0.profile_image_url,
        u1_0.provider,
        u1_0.provider_id,
        u1_0.role,
        u1_0.updated_at,
        u1_0.verification_token 
    from
        users u1_0 
    where
        u1_0.email=?
Hibernate: 
    select
        um1_0.id,
        um1_0.completed_at,
        um1_0.itinerary_id,
        um1_0.stamp_image_url,
        um1_0.started_at,
        um1_0.status,
        um1_0.user_id 
    from
        user_mission um1_0 
    where
        um1_0.user_id=?
Hibernate: 
    select
        um1_0.id,
        um1_0.completed_at,
        um1_0.itinerary_id,
        um1_0.stamp_image_url,
        um1_0.started_at,
        um1_0.status,
        um1_0.user_id 
    from
        user_mission um1_0 
    where
        um1_0.user_id=?
Hibernate: 
    select
        g1_0.id,
        g1_0.bg_image_url,
        g1_0.category,
        g1_0.created_at,
        g1_0.current_joining,
        g1_0.dates,
        g1_0.host_id,
        g1_0.lat,
        g1_0.lng,
        g1_0.location,
        g1_0.max_joining,
        g1_0.title 
    from
        gathering g1_0 
    order by
        g1_0.created_at desc
Hibernate: 
    select
        c1_0.gathering_id,
        c1_0.id,
        c1_0.author,
        c1_0.content,
        c1_0.created_at 
    from
        comment c1_0 
    where
        c1_0.gathering_id=?
Hibernate: 
    select
        u1_0.id,
        u1_0.bio,
        u1_0.created_at,
        u1_0.email,
        u1_0.email_verified,
        u1_0.name,
        u1_0.password,
        u1_0.points,
        u1_0.profile_image_url,
        u1_0.provider,
        u1_0.provider_id,
        u1_0.role,
        u1_0.updated_at,
        u1_0.verification_token 
    from
        users u1_0 
    where
        u1_0.email=?
Hibernate: 
    select
        m1_0.gathering_id,
        m1_0.id,
        m1_0.requested_at,
        m1_0.status,
        m1_0.user_id 
    from
        gathering_member m1_0 
    where
        m1_0.gathering_id=?
Hibernate: 
    select
        u1_0.id,
        u1_0.bio,
        u1_0.created_at,
        u1_0.email,
        u1_0.email_verified,
        u1_0.name,
        u1_0.password,
        u1_0.points,
        u1_0.profile_image_url,
        u1_0.provider,
        u1_0.provider_id,
        u1_0.role,
        u1_0.updated_at,
        u1_0.verification_token 
    from
        users u1_0 
    where
        u1_0.email=?
Hibernate: 
    select
        c1_0.gathering_id,
        c1_0.id,
        c1_0.author,
        c1_0.content,
        c1_0.created_at 
    from
        comment c1_0 
    where
        c1_0.gathering_id=?
Hibernate: 
    select
        m1_0.gathering_id,
        m1_0.id,
        m1_0.requested_at,
        m1_0.status,
        m1_0.user_id 
    from
        gathering_member m1_0 
    where
        m1_0.gathering_id=?
Hibernate: 
    select
        um1_0.id,
        um1_0.completed_at,
        um1_0.itinerary_id,
        um1_0.stamp_image_url,
        um1_0.started_at,
        um1_0.status,
        um1_0.user_id 
    from
        user_mission um1_0 
    where
        um1_0.user_id=?
Hibernate: 
    select
        c1_0.gathering_id,
        c1_0.id,
        c1_0.author,
        c1_0.content,
        c1_0.created_at 
    from
        comment c1_0 
    where
        c1_0.gathering_id=?
Hibernate: 
    select
        m1_0.gathering_id,
        m1_0.id,
        m1_0.requested_at,
        m1_0.status,
        m1_0.user_id 
    from
        gathering_member m1_0 
    where
        m1_0.gathering_id=?
Hibernate: 
    select
        u1_0.id,
        u1_0.bio,
        u1_0.created_at,
        u1_0.email,
        u1_0.email_verified,
        u1_0.name,
        u1_0.password,
        u1_0.points,
        u1_0.profile_image_url,
        u1_0.provider,
        u1_0.provider_id,
        u1_0.role,
        u1_0.updated_at,
        u1_0.verification_token 
    from
        users u1_0 
    where
        u1_0.id=?
Hibernate: 
    select
        u1_0.id,
        u1_0.bio,
        u1_0.created_at,
        u1_0.email,
        u1_0.email_verified,
        u1_0.name,
        u1_0.password,
        u1_0.points,
        u1_0.profile_image_url,
        u1_0.provider,
        u1_0.provider_id,
        u1_0.role,
        u1_0.updated_at,
        u1_0.verification_token 
    from
        users u1_0 
    where
        u1_0.id=?
Hibernate: 
    select
        u1_0.id,
        u1_0.bio,
        u1_0.created_at,
        u1_0.email,
        u1_0.email_verified,
        u1_0.name,
        u1_0.password,
        u1_0.points,
        u1_0.profile_image_url,
        u1_0.provider,
        u1_0.provider_id,
        u1_0.role,
        u1_0.updated_at,
        u1_0.verification_token 
    from
        users u1_0 
    where
        u1_0.email=?
Hibernate: 
    select
        u1_0.id,
        u1_0.bio,
        u1_0.created_at,
        u1_0.email,
        u1_0.email_verified,
        u1_0.name,
        u1_0.password,
        u1_0.points,
        u1_0.profile_image_url,
        u1_0.provider,
        u1_0.provider_id,
        u1_0.role,
        u1_0.updated_at,
        u1_0.verification_token 
    from
        users u1_0 
    where
        u1_0.email=?
Hibernate: 
    select
        u1_0.id,
        u1_0.bio,
        u1_0.created_at,
        u1_0.email,
        u1_0.email_verified,
        u1_0.name,
        u1_0.password,
        u1_0.points,
        u1_0.profile_image_url,
        u1_0.provider,
        u1_0.provider_id,
        u1_0.role,
        u1_0.updated_at,
        u1_0.verification_token 
    from
        users u1_0 
    where
        u1_0.email=?
Hibernate: 
    select
        u1_0.id,
        u1_0.bio,
        u1_0.created_at,
        u1_0.email,
        u1_0.email_verified,
        u1_0.name,
        u1_0.password,
        u1_0.points,
        u1_0.profile_image_url,
        u1_0.provider,
        u1_0.provider_id,
        u1_0.role,
        u1_0.updated_at,
        u1_0.verification_token 
    from
        users u1_0 
    where
        u1_0.email=?
Hibernate: 
    select
        u1_0.id,
        u1_0.bio,
        u1_0.created_at,
        u1_0.email,
        u1_0.email_verified,
        u1_0.name,
        u1_0.password,
        u1_0.points,
        u1_0.profile_image_url,
        u1_0.provider,
        u1_0.provider_id,
        u1_0.role,
        u1_0.updated_at,
        u1_0.verification_token 
    from
        users u1_0 
    where
        u1_0.email=?
Hibernate: 
    select
        u1_0.id,
        u1_0.bio,
        u1_0.created_at,
        u1_0.email,
        u1_0.email_verified,
        u1_0.name,
        u1_0.password,
        u1_0.points,
        u1_0.profile_image_url,
        u1_0.provider,
        u1_0.provider_id,
        u1_0.role,
        u1_0.updated_at,
        u1_0.verification_token 
    from
        users u1_0 
    where
        u1_0.email=?
Hibernate: 
    select
        g1_0.id,
        g1_0.bg_image_url,
        g1_0.category,
        g1_0.created_at,
        g1_0.current_joining,
        g1_0.dates,
        g1_0.host_id,
        g1_0.lat,
        g1_0.lng,
        g1_0.location,
        g1_0.max_joining,
        g1_0.title 
    from
        gathering g1_0 
    order by
        g1_0.created_at desc
Hibernate: 
    select
        um1_0.id,
        um1_0.completed_at,
        um1_0.itinerary_id,
        um1_0.stamp_image_url,
        um1_0.started_at,
        um1_0.status,
        um1_0.user_id 
    from
        user_mission um1_0 
    where
        um1_0.user_id=?
Hibernate: 
    select
        um1_0.id,
        um1_0.completed_at,
        um1_0.itinerary_id,
        um1_0.stamp_image_url,
        um1_0.started_at,
        um1_0.status,
        um1_0.user_id 
    from
        user_mission um1_0 
    where
        um1_0.user_id=?
Hibernate: 
    select
        c1_0.gathering_id,
        c1_0.id,
        c1_0.author,
        c1_0.content,
        c1_0.created_at 
    from
        comment c1_0 
    where
        c1_0.gathering_id=?
Hibernate: 
    select
        m1_0.gathering_id,
        m1_0.id,
        m1_0.requested_at,
        m1_0.status,
        m1_0.user_id 
    from
        gathering_member m1_0 
    where
        m1_0.gathering_id=?
Hibernate: 
    select
        c1_0.gathering_id,
        c1_0.id,
        c1_0.author,
        c1_0.content,
        c1_0.created_at 
    from
        comment c1_0 
    where
        c1_0.gathering_id=?
Hibernate: 
    select
        m1_0.gathering_id,
        m1_0.id,
        m1_0.requested_at,
        m1_0.status,
        m1_0.user_id 
    from
        gathering_member m1_0 
    where
        m1_0.gathering_id=?
Hibernate: 
    select
        c1_0.gathering_id,
        c1_0.id,
        c1_0.author,
        c1_0.content,
        c1_0.created_at 
    from
        comment c1_0 
    where
        c1_0.gathering_id=?
Hibernate: 
    select
        m1_0.gathering_id,
        m1_0.id,
        m1_0.requested_at,
        m1_0.status,
        m1_0.user_id 
    from
        gathering_member m1_0 
    where
        m1_0.gathering_id=?
Hibernate: 
    select
        u1_0.id,
        u1_0.bio,
        u1_0.created_at,
        u1_0.email,
        u1_0.email_verified,
        u1_0.name,
        u1_0.password,
        u1_0.points,
        u1_0.profile_image_url,
        u1_0.provider,
        u1_0.provider_id,
        u1_0.role,
        u1_0.updated_at,
        u1_0.verification_token 
    from
        users u1_0 
    where
        u1_0.id=?
Hibernate: 
    select
        u1_0.id,
        u1_0.bio,
        u1_0.created_at,
        u1_0.email,
        u1_0.email_verified,
        u1_0.name,
        u1_0.password,
        u1_0.points,
        u1_0.profile_image_url,
        u1_0.provider,
        u1_0.provider_id,
        u1_0.role,
        u1_0.updated_at,
        u1_0.verification_token 
    from
        users u1_0 
    where
        u1_0.id=?
Hibernate: 
    select
        u1_0.id,
        u1_0.bio,
        u1_0.created_at,
        u1_0.email,
        u1_0.email_verified,
        u1_0.name,
        u1_0.password,
        u1_0.points,
        u1_0.profile_image_url,
        u1_0.provider,
        u1_0.provider_id,
        u1_0.role,
        u1_0.updated_at,
        u1_0.verification_token 
    from
        users u1_0 
    where
        u1_0.email=?
Hibernate: 
    select
        u1_0.id,
        u1_0.bio,
        u1_0.created_at,
        u1_0.email,
        u1_0.email_verified,
        u1_0.name,
        u1_0.password,
        u1_0.points,
        u1_0.profile_image_url,
        u1_0.provider,
        u1_0.provider_id,
        u1_0.role,
        u1_0.updated_at,
        u1_0.verification_token 
    from
        users u1_0 
    where
        u1_0.email=?
Hibernate: 
    select
        u1_0.id,
        u1_0.bio,
        u1_0.created_at,
        u1_0.email,
        u1_0.email_verified,
        u1_0.name,
        u1_0.password,
        u1_0.points,
        u1_0.profile_image_url,
        u1_0.provider,
        u1_0.provider_id,
        u1_0.role,
        u1_0.updated_at,
        u1_0.verification_token 
    from
        users u1_0 
    where
        u1_0.email=?
Hibernate: 
    select
        u1_0.id,
        u1_0.bio,
        u1_0.created_at,
        u1_0.email,
        u1_0.email_verified,
        u1_0.name,
        u1_0.password,
        u1_0.points,
        u1_0.profile_image_url,
        u1_0.provider,
        u1_0.provider_id,
        u1_0.role,
        u1_0.updated_at,
        u1_0.verification_token 
    from
        users u1_0 
    where
        u1_0.email=?
Hibernate: 
    select
        u1_0.id,
        u1_0.bio,
        u1_0.created_at,
        u1_0.email,
        u1_0.email_verified,
        u1_0.name,
        u1_0.password,
        u1_0.points,
        u1_0.profile_image_url,
        u1_0.provider,
        u1_0.provider_id,
        u1_0.role,
        u1_0.updated_at,
        u1_0.verification_token 
    from
        users u1_0 
    where
        u1_0.email=?
Hibernate: 
    select
        um1_0.id,
        um1_0.completed_at,
        um1_0.itinerary_id,
        um1_0.stamp_image_url,
        um1_0.started_at,
        um1_0.status,
        um1_0.user_id 
    from
        user_mission um1_0 
    where
        um1_0.user_id=?
Hibernate: 
    select
        u1_0.id,
        u1_0.bio,
        u1_0.created_at,
        u1_0.email,
        u1_0.email_verified,
        u1_0.name,
        u1_0.password,
        u1_0.points,
        u1_0.profile_image_url,
        u1_0.provider,
        u1_0.provider_id,
        u1_0.role,
        u1_0.updated_at,
        u1_0.verification_token 
    from
        users u1_0 
    where
        u1_0.email=?
Hibernate: 
    select
        g1_0.id,
        g1_0.bg_image_url,
        g1_0.category,
        g1_0.created_at,
        g1_0.current_joining,
        g1_0.dates,
        g1_0.host_id,
        g1_0.lat,
        g1_0.lng,
        g1_0.location,
        g1_0.max_joining,
        g1_0.title 
    from
        gathering g1_0 
    order by
        g1_0.created_at desc
Hibernate: 
    select
        u1_0.id,
        u1_0.bio,
        u1_0.created_at,
        u1_0.email,
        u1_0.email_verified,
        u1_0.name,
        u1_0.password,
        u1_0.points,
        u1_0.profile_image_url,
        u1_0.provider,
        u1_0.provider_id,
        u1_0.role,
        u1_0.updated_at,
        u1_0.verification_token 
    from
        users u1_0 
    where
        u1_0.email=?
Hibernate: 
    select
        c1_0.gathering_id,
        c1_0.id,
        c1_0.author,
        c1_0.content,
        c1_0.created_at 
    from
        comment c1_0 
    where
        c1_0.gathering_id=?
Hibernate: 
    select
        um1_0.id,
        um1_0.completed_at,
        um1_0.itinerary_id,
        um1_0.stamp_image_url,
        um1_0.started_at,
        um1_0.status,
        um1_0.user_id 
    from
        user_mission um1_0 
    where
        um1_0.user_id=?
Hibernate: 
    select
        m1_0.gathering_id,
        m1_0.id,
        m1_0.requested_at,
        m1_0.status,
        m1_0.user_id 
    from
        gathering_member m1_0 
    where
        m1_0.gathering_id=?
Hibernate: 
    select
        c1_0.gathering_id,
        c1_0.id,
        c1_0.author,
        c1_0.content,
        c1_0.created_at 
    from
        comment c1_0 
    where
        c1_0.gathering_id=?
Hibernate: 
    select
        m1_0.gathering_id,
        m1_0.id,
        m1_0.requested_at,
        m1_0.status,
        m1_0.user_id 
    from
        gathering_member m1_0 
    where
        m1_0.gathering_id=?
Hibernate: 
    select
        u1_0.id,
        u1_0.bio,
        u1_0.created_at,
        u1_0.email,
        u1_0.email_verified,
        u1_0.name,
        u1_0.password,
        u1_0.points,
        u1_0.profile_image_url,
        u1_0.provider,
        u1_0.provider_id,
        u1_0.role,
        u1_0.updated_at,
        u1_0.verification_token 
    from
        users u1_0 
    where
        u1_0.email=?
Hibernate: 
    select
        c1_0.gathering_id,
        c1_0.id,
        c1_0.author,
        c1_0.content,
        c1_0.created_at 
    from
        comment c1_0 
    where
        c1_0.gathering_id=?
Hibernate: 
    select
        m1_0.gathering_id,
        m1_0.id,
        m1_0.requested_at,
        m1_0.status,
        m1_0.user_id 
    from
        gathering_member m1_0 
    where
        m1_0.gathering_id=?
Hibernate: 
    select
        u1_0.id,
        u1_0.bio,
        u1_0.created_at,
        u1_0.email,
        u1_0.email_verified,
        u1_0.name,
        u1_0.password,
        u1_0.points,
        u1_0.profile_image_url,
        u1_0.provider,
        u1_0.provider_id,
        u1_0.role,
        u1_0.updated_at,
        u1_0.verification_token 
    from
        users u1_0 
    where
        u1_0.email=?
Hibernate: 
    select
        u1_0.id,
        u1_0.bio,
        u1_0.created_at,
        u1_0.email,
        u1_0.email_verified,
        u1_0.name,
        u1_0.password,
        u1_0.points,
        u1_0.profile_image_url,
        u1_0.provider,
        u1_0.provider_id,
        u1_0.role,
        u1_0.updated_at,
        u1_0.verification_token 
    from
        users u1_0 
    where
        u1_0.id=?
Hibernate: 
    select
        u1_0.id,
        u1_0.bio,
        u1_0.created_at,
        u1_0.email,
        u1_0.email_verified,
        u1_0.name,
        u1_0.password,
        u1_0.points,
        u1_0.profile_image_url,
        u1_0.provider,
        u1_0.provider_id,
        u1_0.role,
        u1_0.updated_at,
        u1_0.verification_token 
    from
        users u1_0 
    where
        u1_0.id=?
Hibernate: 
    select
        u1_0.id,
        u1_0.bio,
        u1_0.created_at,
        u1_0.email,
        u1_0.email_verified,
        u1_0.name,
        u1_0.password,
        u1_0.points,
        u1_0.profile_image_url,
        u1_0.provider,
        u1_0.provider_id,
        u1_0.role,
        u1_0.updated_at,
        u1_0.verification_token 
    from
        users u1_0 
    where
        u1_0.email=?
Hibernate: 
    select
        u1_0.id,
        u1_0.bio,
        u1_0.created_at,
        u1_0.email,
        u1_0.email_verified,
        u1_0.name,
        u1_0.password,
        u1_0.points,
        u1_0.profile_image_url,
        u1_0.provider,
        u1_0.provider_id,
        u1_0.role,
        u1_0.updated_at,
        u1_0.verification_token 
    from
        users u1_0 
    where
        u1_0.email=?
Hibernate: 
    select
        um1_0.id,
        um1_0.completed_at,
        um1_0.itinerary_id,
        um1_0.stamp_image_url,
        um1_0.started_at,
        um1_0.status,
        um1_0.user_id 
    from
        user_mission um1_0 
    where
        um1_0.user_id=?
Hibernate: 
    select
        u1_0.id,
        u1_0.bio,
        u1_0.created_at,
        u1_0.email,
        u1_0.email_verified,
        u1_0.name,
        u1_0.password,
        u1_0.points,
        u1_0.profile_image_url,
        u1_0.provider,
        u1_0.provider_id,
        u1_0.role,
        u1_0.updated_at,
        u1_0.verification_token 
    from
        users u1_0 
    where
        u1_0.email=?
Hibernate: 
    select
        u1_0.id,
        u1_0.bio,
        u1_0.created_at,
        u1_0.email,
        u1_0.email_verified,
        u1_0.name,
        u1_0.password,
        u1_0.points,
        u1_0.profile_image_url,
        u1_0.provider,
        u1_0.provider_id,
        u1_0.role,
        u1_0.updated_at,
        u1_0.verification_token 
    from
        users u1_0 
    where
        u1_0.email=?
Hibernate: 
    select
        u1_0.id,
        u1_0.bio,
        u1_0.created_at,
        u1_0.email,
        u1_0.email_verified,
        u1_0.name,
        u1_0.password,
        u1_0.points,
        u1_0.profile_image_url,
        u1_0.provider,
        u1_0.provider_id,
        u1_0.role,
        u1_0.updated_at,
        u1_0.verification_token 
    from
        users u1_0 
    where
        u1_0.email=?
Hibernate: 
    select
        um1_0.id,
        um1_0.completed_at,
        um1_0.itinerary_id,
        um1_0.stamp_image_url,
        um1_0.started_at,
        um1_0.status,
        um1_0.user_id 
    from
        user_mission um1_0 
    where
        um1_0.user_id=?
Hibernate: 
    select
        u1_0.id,
        u1_0.bio,
        u1_0.created_at,
        u1_0.email,
        u1_0.email_verified,
        u1_0.name,
        u1_0.password,
        u1_0.points,
        u1_0.profile_image_url,
        u1_0.provider,
        u1_0.provider_id,
        u1_0.role,
        u1_0.updated_at,
        u1_0.verification_token 
    from
        users u1_0 
    where
        u1_0.email=?
Hibernate: 
    select
        u1_0.id,
        u1_0.bio,
        u1_0.created_at,
        u1_0.email,
        u1_0.email_verified,
        u1_0.name,
        u1_0.password,
        u1_0.points,
        u1_0.profile_image_url,
        u1_0.provider,
        u1_0.provider_id,
        u1_0.role,
        u1_0.updated_at,
        u1_0.verification_token 
    from
        users u1_0 
    where
        u1_0.email=?
Hibernate: 
    select
        um1_0.id,
        um1_0.completed_at,
        um1_0.itinerary_id,
        um1_0.stamp_image_url,
        um1_0.started_at,
        um1_0.status,
        um1_0.user_id 
    from
        user_mission um1_0 
    where
        um1_0.user_id=?
Hibernate: 
    select
        u1_0.id,
        u1_0.bio,
        u1_0.created_at,
        u1_0.email,
        u1_0.email_verified,
        u1_0.name,
        u1_0.password,
        u1_0.points,
        u1_0.profile_image_url,
        u1_0.provider,
        u1_0.provider_id,
        u1_0.role,
        u1_0.updated_at,
        u1_0.verification_token 
    from
        users u1_0 
    where
        u1_0.email=?
Hibernate: 
    select
        u1_0.id,
        u1_0.bio,
        u1_0.created_at,
        u1_0.email,
        u1_0.email_verified,
        u1_0.name,
        u1_0.password,
        u1_0.points,
        u1_0.profile_image_url,
        u1_0.provider,
        u1_0.provider_id,
        u1_0.role,
        u1_0.updated_at,
        u1_0.verification_token 
    from
        users u1_0 
    where
        u1_0.email=?
Hibernate: 
    select
        um1_0.id,
        um1_0.completed_at,
        um1_0.itinerary_id,
        um1_0.stamp_image_url,
        um1_0.started_at,
        um1_0.status,
        um1_0.user_id 
    from
        user_mission um1_0 
    where
        um1_0.user_id=?
[2m2026-04-06T23:11:32.503+09:00[0;39m [33m WARN[0;39m [35m39779[0;39m [2m---[0;39m [2m[l-1 housekeeper][0;39m [2m[0;39m[36mcom.zaxxer.hikari.pool.HikariPool       [0;39m [2m:[0;39m HikariPool-1 - Thread starvation or clock leap detected (housekeeper delta=2m17s49ms).
[2m2026-04-06T23:26:07.498+09:00[0;39m [32m INFO[0;39m [35m39779[0;39m [2m---[0;39m [2m[MessageBroker-1][0;39m [2m[0;39m[36mo.s.w.s.c.WebSocketMessageBrokerStats   [0;39m [2m:[0;39m WebSocketSession[0 current WS(0)-HttpStream(0)-HttpPoll(0), 0 total, 0 closed abnormally (0 connect failure, 0 send limit, 0 transport error)], stompSubProtocol[processed CONNECT(0)-CONNECTED(0)-DISCONNECT(0)], stompBrokerRelay[null], inboundChannel[pool size = 0, active threads = 0, queued tasks = 0, completed tasks = 0], outboundChannel[pool size = 0, active threads = 0, queued tasks = 0, completed tasks = 0], sockJsScheduler[pool size = 2, active threads = 1, queued tasks = 0, completed tasks = 1]
Hibernate: 
    select
        g1_0.id,
        g1_0.bg_image_url,
        g1_0.category,
        g1_0.created_at,
        g1_0.current_joining,
        g1_0.dates,
        g1_0.host_id,
        g1_0.lat,
        g1_0.lng,
        g1_0.location,
        g1_0.max_joining,
        g1_0.title 
    from
        gathering g1_0 
    order by
        g1_0.created_at desc
Hibernate: 
    select
        c1_0.gathering_id,
        c1_0.id,
        c1_0.author,
        c1_0.content,
        c1_0.created_at 
    from
        comment c1_0 
    where
        c1_0.gathering_id=?
Hibernate: 
    select
        m1_0.gathering_id,
        m1_0.id,
        m1_0.requested_at,
        m1_0.status,
        m1_0.user_id 
    from
        gathering_member m1_0 
    where
        m1_0.gathering_id=?
Hibernate: 
    select
        c1_0.gathering_id,
        c1_0.id,
        c1_0.author,
        c1_0.content,
        c1_0.created_at 
    from
        comment c1_0 
    where
        c1_0.gathering_id=?
Hibernate: 
    select
        m1_0.gathering_id,
        m1_0.id,
        m1_0.requested_at,
        m1_0.status,
        m1_0.user_id 
    from
        gathering_member m1_0 
    where
        m1_0.gathering_id=?
Hibernate: 
    select
        c1_0.gathering_id,
        c1_0.id,
        c1_0.author,
        c1_0.content,
        c1_0.created_at 
    from
        comment c1_0 
    where
        c1_0.gathering_id=?
Hibernate: 
    select
        m1_0.gathering_id,
        m1_0.id,
        m1_0.requested_at,
        m1_0.status,
        m1_0.user_id 
    from
        gathering_member m1_0 
    where
        m1_0.gathering_id=?
Hibernate: 
    select
        u1_0.id,
        u1_0.bio,
        u1_0.created_at,
        u1_0.email,
        u1_0.email_verified,
        u1_0.name,
        u1_0.password,
        u1_0.points,
        u1_0.profile_image_url,
        u1_0.provider,
        u1_0.provider_id,
        u1_0.role,
        u1_0.updated_at,
        u1_0.verification_token 
    from
        users u1_0 
    where
        u1_0.id=?
Hibernate: 
    select
        u1_0.id,
        u1_0.bio,
        u1_0.created_at,
        u1_0.email,
        u1_0.email_verified,
        u1_0.name,
        u1_0.password,
        u1_0.points,
        u1_0.profile_image_url,
        u1_0.provider,
        u1_0.provider_id,
        u1_0.role,
        u1_0.updated_at,
        u1_0.verification_token 
    from
        users u1_0 
    where
        u1_0.id=?
Hibernate: 
    select
        g1_0.id,
        g1_0.bg_image_url,
        g1_0.category,
        g1_0.created_at,
        g1_0.current_joining,
        g1_0.dates,
        g1_0.host_id,
        g1_0.lat,
        g1_0.lng,
        g1_0.location,
        g1_0.max_joining,
        g1_0.title 
    from
        gathering g1_0 
    order by
        g1_0.created_at desc
Hibernate: 
    select
        c1_0.gathering_id,
        c1_0.id,
        c1_0.author,
        c1_0.content,
        c1_0.created_at 
    from
        comment c1_0 
    where
        c1_0.gathering_id=?
Hibernate: 
    select
        m1_0.gathering_id,
        m1_0.id,
        m1_0.requested_at,
        m1_0.status,
        m1_0.user_id 
    from
        gathering_member m1_0 
    where
        m1_0.gathering_id=?
Hibernate: 
    select
        c1_0.gathering_id,
        c1_0.id,
        c1_0.author,
        c1_0.content,
        c1_0.created_at 
    from
        comment c1_0 
    where
        c1_0.gathering_id=?
Hibernate: 
    select
        m1_0.gathering_id,
        m1_0.id,
        m1_0.requested_at,
        m1_0.status,
        m1_0.user_id 
    from
        gathering_member m1_0 
    where
        m1_0.gathering_id=?
Hibernate: 
    select
        c1_0.gathering_id,
        c1_0.id,
        c1_0.author,
        c1_0.content,
        c1_0.created_at 
    from
        comment c1_0 
    where
        c1_0.gathering_id=?
Hibernate: 
    select
        m1_0.gathering_id,
        m1_0.id,
        m1_0.requested_at,
        m1_0.status,
        m1_0.user_id 
    from
        gathering_member m1_0 
    where
        m1_0.gathering_id=?
Hibernate: 
    select
        u1_0.id,
        u1_0.bio,
        u1_0.created_at,
        u1_0.email,
        u1_0.email_verified,
        u1_0.name,
        u1_0.password,
        u1_0.points,
        u1_0.profile_image_url,
        u1_0.provider,
        u1_0.provider_id,
        u1_0.role,
        u1_0.updated_at,
        u1_0.verification_token 
    from
        users u1_0 
    where
        u1_0.id=?
Hibernate: 
    select
        u1_0.id,
        u1_0.bio,
        u1_0.created_at,
        u1_0.email,
        u1_0.email_verified,
        u1_0.name,
        u1_0.password,
        u1_0.points,
        u1_0.profile_image_url,
        u1_0.provider,
        u1_0.provider_id,
        u1_0.role,
        u1_0.updated_at,
        u1_0.verification_token 
    from
        users u1_0 
    where
        u1_0.id=?
[2m2026-04-06T23:58:16.862+09:00[0;39m [33m WARN[0;39m [35m39779[0;39m [2m---[0;39m [2m[l-1 housekeeper][0;39m [2m[0;39m[36mcom.zaxxer.hikari.pool.HikariPool       [0;39m [2m:[0;39m HikariPool-1 - Thread starvation or clock leap detected (housekeeper delta=15m44s22ms).
[2m2026-04-07T00:21:13.462+09:00[0;39m [33m WARN[0;39m [35m39779[0;39m [2m---[0;39m [2m[l-1 housekeeper][0;39m [2m[0;39m[36mcom.zaxxer.hikari.pool.HikariPool       [0;39m [2m:[0;39m HikariPool-1 - Thread starvation or clock leap detected (housekeeper delta=17m56s544ms).
[2m2026-04-07T00:28:48.072+09:00[0;39m [32m INFO[0;39m [35m39779[0;39m [2m---[0;39m [2m[MessageBroker-2][0;39m [2m[0;39m[36mo.s.w.s.c.WebSocketMessageBrokerStats   [0;39m [2m:[0;39m WebSocketSession[0 current WS(0)-HttpStream(0)-HttpPoll(0), 0 total, 0 closed abnormally (0 connect failure, 0 send limit, 0 transport error)], stompSubProtocol[processed CONNECT(0)-CONNECTED(0)-DISCONNECT(0)], stompBrokerRelay[null], inboundChannel[pool size = 0, active threads = 0, queued tasks = 0, completed tasks = 0], outboundChannel[pool size = 0, active threads = 0, queued tasks = 0, completed tasks = 0], sockJsScheduler[pool size = 3, active threads = 1, queued tasks = 0, completed tasks = 2]
[2m2026-04-07T00:58:48.095+09:00[0;39m [32m INFO[0;39m [35m39779[0;39m [2m---[0;39m [2m[MessageBroker-1][0;39m [2m[0;39m[36mo.s.w.s.c.WebSocketMessageBrokerStats   [0;39m [2m:[0;39m WebSocketSession[0 current WS(0)-HttpStream(0)-HttpPoll(0), 0 total, 0 closed abnormally (0 connect failure, 0 send limit, 0 transport error)], stompSubProtocol[processed CONNECT(0)-CONNECTED(0)-DISCONNECT(0)], stompBrokerRelay[null], inboundChannel[pool size = 0, active threads = 0, queued tasks = 0, completed tasks = 0], outboundChannel[pool size = 0, active threads = 0, queued tasks = 0, completed tasks = 0], sockJsScheduler[pool size = 4, active threads = 1, queued tasks = 0, completed tasks = 3]
[2m2026-04-07T01:28:48.121+09:00[0;39m [32m INFO[0;39m [35m39779[0;39m [2m---[0;39m [2m[MessageBroker-3][0;39m [2m[0;39m[36mo.s.w.s.c.WebSocketMessageBrokerStats   [0;39m [2m:[0;39m WebSocketSession[0 current WS(0)-HttpStream(0)-HttpPoll(0), 0 total, 0 closed abnormally (0 connect failure, 0 send limit, 0 transport error)], stompSubProtocol[processed CONNECT(0)-CONNECTED(0)-DISCONNECT(0)], stompBrokerRelay[null], inboundChannel[pool size = 0, active threads = 0, queued tasks = 0, completed tasks = 0], outboundChannel[pool size = 0, active threads = 0, queued tasks = 0, completed tasks = 0], sockJsScheduler[pool size = 5, active threads = 1, queued tasks = 0, completed tasks = 4]
[2m2026-04-07T01:53:30.371+09:00[0;39m [33m WARN[0;39m [35m39779[0;39m [2m---[0;39m [2m[l-1 housekeeper][0;39m [2m[0;39m[36mcom.zaxxer.hikari.pool.HikariPool       [0;39m [2m:[0;39m HikariPool-1 - Thread starvation or clock leap detected (housekeeper delta=16m46s14ms).
[2m2026-04-07T02:09:34.851+09:00[0;39m [33m WARN[0;39m [35m39779[0;39m [2m---[0;39m [2m[l-1 housekeeper][0;39m [2m[0;39m[36mcom.zaxxer.hikari.pool.HikariPool       [0;39m [2m:[0;39m HikariPool-1 - Thread starvation or clock leap detected (housekeeper delta=16m4s479ms).
[2m2026-04-07T02:26:13.058+09:00[0;39m [33m WARN[0;39m [35m39779[0;39m [2m---[0;39m [2m[l-1 housekeeper][0;39m [2m[0;39m[36mcom.zaxxer.hikari.pool.HikariPool       [0;39m [2m:[0;39m HikariPool-1 - Thread starvation or clock leap detected (housekeeper delta=15m38s196ms).
[2m2026-04-07T02:37:52.066+09:00[0;39m [33m WARN[0;39m [35m39779[0;39m [2m---[0;39m [2m[l-1 housekeeper][0;39m [2m[0;39m[36mcom.zaxxer.hikari.pool.HikariPool       [0;39m [2m:[0;39m HikariPool-1 - Thread starvation or clock leap detected (housekeeper delta=11m9s5ms).
[2m2026-04-07T02:53:49.652+09:00[0;39m [33m WARN[0;39m [35m39779[0;39m [2m---[0;39m [2m[l-1 housekeeper][0;39m [2m[0;39m[36mcom.zaxxer.hikari.pool.HikariPool       [0;39m [2m:[0;39m HikariPool-1 - Thread starvation or clock leap detected (housekeeper delta=15m27s579ms).
[2m2026-04-07T03:09:17.026+09:00[0;39m [33m WARN[0;39m [35m39779[0;39m [2m---[0;39m [2m[l-1 housekeeper][0;39m [2m[0;39m[36mcom.zaxxer.hikari.pool.HikariPool       [0;39m [2m:[0;39m HikariPool-1 - Thread starvation or clock leap detected (housekeeper delta=15m27s374ms).
[2m2026-04-07T03:25:14.455+09:00[0;39m [33m WARN[0;39m [35m39779[0;39m [2m---[0;39m [2m[l-1 housekeeper][0;39m [2m[0;39m[36mcom.zaxxer.hikari.pool.HikariPool       [0;39m [2m:[0;39m HikariPool-1 - Thread starvation or clock leap detected (housekeeper delta=15m27s422ms).
[2m2026-04-07T03:38:57.455+09:00[0;39m [33m WARN[0;39m [35m39779[0;39m [2m---[0;39m [2m[l-1 housekeeper][0;39m [2m[0;39m[36mcom.zaxxer.hikari.pool.HikariPool       [0;39m [2m:[0;39m HikariPool-1 - Thread starvation or clock leap detected (housekeeper delta=13m12s989ms).
[2m2026-04-07T03:54:24.857+09:00[0;39m [33m WARN[0;39m [35m39779[0;39m [2m---[0;39m [2m[l-1 housekeeper][0;39m [2m[0;39m[36mcom.zaxxer.hikari.pool.HikariPool       [0;39m [2m:[0;39m HikariPool-1 - Thread starvation or clock leap detected (housekeeper delta=15m27s403ms).
[2m2026-04-07T04:11:22.863+09:00[0;39m [33m WARN[0;39m [35m39779[0;39m [2m---[0;39m [2m[l-1 housekeeper][0;39m [2m[0;39m[36mcom.zaxxer.hikari.pool.HikariPool       [0;39m [2m:[0;39m HikariPool-1 - Thread starvation or clock leap detected (housekeeper delta=15m57s979ms).
[2m2026-04-07T04:28:00.324+09:00[0;39m [33m WARN[0;39m [35m39779[0;39m [2m---[0;39m [2m[l-1 housekeeper][0;39m [2m[0;39m[36mcom.zaxxer.hikari.pool.HikariPool       [0;39m [2m:[0;39m HikariPool-1 - Thread starvation or clock leap detected (housekeeper delta=16m37s462ms).
[2m2026-04-07T04:39:46.629+09:00[0;39m [33m WARN[0;39m [35m39779[0;39m [2m---[0;39m [2m[l-1 housekeeper][0;39m [2m[0;39m[36mcom.zaxxer.hikari.pool.HikariPool       [0;39m [2m:[0;39m HikariPool-1 - Thread starvation or clock leap detected (housekeeper delta=11m16s291ms).
[2m2026-04-07T04:45:00.078+09:00[0;39m [33m WARN[0;39m [35m39779[0;39m [2m---[0;39m [2m[l-1 housekeeper][0;39m [2m[0;39m[36mcom.zaxxer.hikari.pool.HikariPool       [0;39m [2m:[0;39m HikariPool-1 - Thread starvation or clock leap detected (housekeeper delta=4m43s440ms).
[2m2026-04-07T04:49:45.210+09:00[0;39m [33m WARN[0;39m [35m39779[0;39m [2m---[0;39m [2m[l-1 housekeeper][0;39m [2m[0;39m[36mcom.zaxxer.hikari.pool.HikariPool       [0;39m [2m:[0;39m HikariPool-1 - Thread starvation or clock leap detected (housekeeper delta=3m43s153ms).
[2m2026-04-07T04:54:58.261+09:00[0;39m [33m WARN[0;39m [35m39779[0;39m [2m---[0;39m [2m[l-1 housekeeper][0;39m [2m[0;39m[36mcom.zaxxer.hikari.pool.HikariPool       [0;39m [2m:[0;39m HikariPool-1 - Thread starvation or clock leap detected (housekeeper delta=4m43s47ms).
[2m2026-04-07T04:59:41.348+09:00[0;39m [33m WARN[0;39m [35m39779[0;39m [2m---[0;39m [2m[l-1 housekeeper][0;39m [2m[0;39m[36mcom.zaxxer.hikari.pool.HikariPool       [0;39m [2m:[0;39m HikariPool-1 - Thread starvation or clock leap detected (housekeeper delta=4m43s88ms).
[2m2026-04-07T05:05:07.262+09:00[0;39m [33m WARN[0;39m [35m39779[0;39m [2m---[0;39m [2m[l-1 housekeeper][0;39m [2m[0;39m[36mcom.zaxxer.hikari.pool.HikariPool       [0;39m [2m:[0;39m HikariPool-1 - Thread starvation or clock leap detected (housekeeper delta=54s164ms).
[2m2026-04-07T05:08:38.581+09:00[0;39m [32m INFO[0;39m [35m39779[0;39m [2m---[0;39m [2m[MessageBroker-2][0;39m [2m[0;39m[36mo.s.w.s.c.WebSocketMessageBrokerStats   [0;39m [2m:[0;39m WebSocketSession[0 current WS(0)-HttpStream(0)-HttpPoll(0), 0 total, 0 closed abnormally (0 connect failure, 0 send limit, 0 transport error)], stompSubProtocol[processed CONNECT(0)-CONNECTED(0)-DISCONNECT(0)], stompBrokerRelay[null], inboundChannel[pool size = 0, active threads = 0, queued tasks = 0, completed tasks = 0], outboundChannel[pool size = 0, active threads = 0, queued tasks = 0, completed tasks = 0], sockJsScheduler[pool size = 6, active threads = 1, queued tasks = 0, completed tasks = 5]
[2m2026-04-07T05:42:46.315+09:00[0;39m [32m INFO[0;39m [35m39779[0;39m [2m---[0;39m [2m[MessageBroker-4][0;39m [2m[0;39m[36mo.s.w.s.c.WebSocketMessageBrokerStats   [0;39m [2m:[0;39m WebSocketSession[0 current WS(0)-HttpStream(0)-HttpPoll(0), 0 total, 0 closed abnormally (0 connect failure, 0 send limit, 0 transport error)], stompSubProtocol[processed CONNECT(0)-CONNECTED(0)-DISCONNECT(0)], stompBrokerRelay[null], inboundChannel[pool size = 0, active threads = 0, queued tasks = 0, completed tasks = 0], outboundChannel[pool size = 0, active threads = 0, queued tasks = 0, completed tasks = 0], sockJsScheduler[pool size = 7, active threads = 1, queued tasks = 0, completed tasks = 6]
[2m2026-04-07T06:13:40.558+09:00[0;39m [32m INFO[0;39m [35m39779[0;39m [2m---[0;39m [2m[MessageBroker-1][0;39m [2m[0;39m[36mo.s.w.s.c.WebSocketMessageBrokerStats   [0;39m [2m:[0;39m WebSocketSession[0 current WS(0)-HttpStream(0)-HttpPoll(0), 0 total, 0 closed abnormally (0 connect failure, 0 send limit, 0 transport error)], stompSubProtocol[processed CONNECT(0)-CONNECTED(0)-DISCONNECT(0)], stompBrokerRelay[null], inboundChannel[pool size = 0, active threads = 0, queued tasks = 0, completed tasks = 0], outboundChannel[pool size = 0, active threads = 0, queued tasks = 0, completed tasks = 0], sockJsScheduler[pool size = 8, active threads = 1, queued tasks = 0, completed tasks = 7]
[2m2026-04-07T06:43:40.590+09:00[0;39m [32m INFO[0;39m [35m39779[0;39m [2m---[0;39m [2m[MessageBroker-5][0;39m [2m[0;39m[36mo.s.w.s.c.WebSocketMessageBrokerStats   [0;39m [2m:[0;39m WebSocketSession[0 current WS(0)-HttpStream(0)-HttpPoll(0), 0 total, 0 closed abnormally (0 connect failure, 0 send limit, 0 transport error)], stompSubProtocol[processed CONNECT(0)-CONNECTED(0)-DISCONNECT(0)], stompBrokerRelay[null], inboundChannel[pool size = 0, active threads = 0, queued tasks = 0, completed tasks = 0], outboundChannel[pool size = 0, active threads = 0, queued tasks = 0, completed tasks = 0], sockJsScheduler[pool size = 9, active threads = 1, queued tasks = 0, completed tasks = 8]
